# JRE version: Java(TM) SE Runtime Environment (17.0.9+11) (build 17.0.9+11-LTS-201)
# Java VM: Java HotSpot(TM) 64-Bit Server VM (17.0.9+11-LTS-201, mixed mode, sharing, tiered, compressed oops, compressed class ptrs, g1 gc, windows-amd64)
GC Precious Log:
 CPUs: 4 total, 4 available
 Memory: 6012M
 Large Page Support: Disabled
 NUMA Support: Disabled
 Compressed Oops: Enabled (32-bit)
 Heap Region Size: 1M
 Heap Min Capacity: 8M
 Heap Initial Capacity: 94M
 Heap Max Capacity: 2G
 Pre-touch: Disabled
 Parallel Workers: 4
 Concurrent Workers: 1
 Concurrent Refinement Workers: 4
 Periodic GC: Disabled
Heap:
 garbage-first heap   total 342016K, used 259142K [0x0000000080000000, 0x0000000100000000)
  region size 1024K, 163 young (166912K), 11 survivors (11264K)
 Metaspace       used 97820K, committed 98944K, reserved 557056K
  class space    used 13680K, committed 14144K, reserved 425984K
GC Heap History (20 events):
Event: 69.892 GC heap before
{Heap before GC invocations=49 (full 0):
 garbage-first heap   total 145408K, used 112314K [0x0000000080000000, 0x0000000100000000)
  region size 1024K, 25 young (25600K), 1 survivors (1024K)
 Metaspace       used 78136K, committed 78976K, reserved 557056K
  class space    used 10848K, committed 11264K, reserved 425984K
}
Event: 69.897 GC heap after
{Heap after GC invocations=50 (full 0):
 garbage-first heap   total 145408K, used 90016K [0x0000000080000000, 0x0000000100000000)
  region size 1024K, 4 young (4096K), 4 survivors (4096K)
 Metaspace       used 78136K, committed 78976K, reserved 557056K
  class space    used 10848K, committed 11264K, reserved 425984K
}
Event: 69.907 GC heap before
{Heap before GC invocations=50 (full 0):
 garbage-first heap   total 145408K, used 92064K [0x0000000080000000, 0x0000000100000000)
  region size 1024K, 7 young (7168K), 4 survivors (4096K)
 Metaspace       used 78137K, committed 78976K, reserved 557056K
  class space    used 10848K, committed 11264K, reserved 425984K
}
Event: 69.913 GC heap after
{Heap after GC invocations=51 (full 0):
 garbage-first heap   total 145408K, used 91439K [0x0000000080000000, 0x0000000100000000)
  region size 1024K, 1 young (1024K), 1 survivors (1024K)
 Metaspace       used 78137K, committed 78976K, reserved 557056K
  class space    used 10848K, committed 11264K, reserved 425984K
}
Event: 70.002 GC heap before
{Heap before GC invocations=51 (full 0):
 garbage-first heap   total 145408K, used 92463K [0x0000000080000000, 0x0000000100000000)
  region size 1024K, 3 young (3072K), 1 survivors (1024K)
 Metaspace       used 78142K, committed 78976K, reserved 557056K
  class space    used 10848K, committed 11264K, reserved 425984K
}
Event: 70.004 GC heap after
{Heap after GC invocations=52 (full 0):
 garbage-first heap   total 145408K, used 91663K [0x0000000080000000, 0x0000000100000000)
  region size 1024K, 2 young (2048K), 2 survivors (2048K)
 Metaspace       used 78142K, committed 78976K, reserved 557056K
  class space    used 10848K, committed 11264K, reserved 425984K
}
Event: 70.859 GC heap before
{Heap before GC invocations=53 (full 0):
 garbage-first heap   total 165888K, used 113167K [0x0000000080000000, 0x0000000100000000)
  region size 1024K, 21 young (21504K), 2 survivors (2048K)
 Metaspace       used 79306K, committed 80064K, reserved 557056K
  class space    used 11009K, committed 11392K, reserved 425984K
}
Event: 70.977 GC heap after
{Heap after GC invocations=54 (full 0):
 garbage-first heap   total 165888K, used 93666K [0x0000000080000000, 0x0000000100000000)
  region size 1024K, 3 young (3072K), 3 survivors (3072K)
 Metaspace       used 79306K, committed 80064K, reserved 557056K
  class space    used 11009K, committed 11392K, reserved 425984K
}
Event: 71.433 GC heap before
{Heap before GC invocations=54 (full 0):
 garbage-first heap   total 165888K, used 98786K [0x0000000080000000, 0x0000000100000000)
  region size 1024K, 8 young (8192K), 3 survivors (3072K)
 Metaspace       used 79621K, committed 80384K, reserved 557056K
  class space    used 11056K, committed 11456K, reserved 425984K
}
Event: 71.441 GC heap after
{Heap after GC invocations=55 (full 0):
 garbage-first heap   total 165888K, used 93957K [0x0000000080000000, 0x0000000100000000)
  region size 1024K, 1 young (1024K), 1 survivors (1024K)
 Metaspace       used 79621K, committed 80384K, reserved 557056K
  class space    used 11056K, committed 11456K, reserved 425984K
}
Event: 73.498 GC heap before
{Heap before GC invocations=55 (full 0):
 garbage-first heap   total 165888K, used 124677K [0x0000000080000000, 0x0000000100000000)
  region size 1024K, 31 young (31744K), 1 survivors (1024K)
 Metaspace       used 81712K, committed 82560K, reserved 557056K
  class space    used 11300K, committed 11712K, reserved 425984K
}
Event: 73.541 GC heap after
{Heap after GC invocations=56 (full 0):
 garbage-first heap   total 165888K, used 95376K [0x0000000080000000, 0x0000000100000000)
  region size 1024K, 2 young (2048K), 2 survivors (2048K)
 Metaspace       used 81712K, committed 82560K, reserved 557056K
  class space    used 11300K, committed 11712K, reserved 425984K
}
Event: 76.243 GC heap before
{Heap before GC invocations=57 (full 0):
 garbage-first heap   total 165888K, used 124048K [0x0000000080000000, 0x0000000100000000)
  region size 1024K, 34 young (34816K), 2 survivors (2048K)
 Metaspace       used 84052K, committed 84864K, reserved 557056K
  class space    used 11615K, committed 12032K, reserved 425984K
}
Event: 76.259 GC heap after
{Heap after GC invocations=58 (full 0):
 garbage-first heap   total 165888K, used 92533K [0x0000000080000000, 0x0000000100000000)
  region size 1024K, 4 young (4096K), 4 survivors (4096K)
 Metaspace       used 84052K, committed 84864K, reserved 557056K
  class space    used 11615K, committed 12032K, reserved 425984K
}
Event: 76.433 GC heap before
{Heap before GC invocations=58 (full 0):
 garbage-first heap   total 165888K, used 96629K [0x0000000080000000, 0x0000000100000000)
  region size 1024K, 8 young (8192K), 4 survivors (4096K)
 Metaspace       used 84274K, committed 85120K, reserved 557056K
  class space    used 11661K, committed 12096K, reserved 425984K
}
Event: 76.440 GC heap after
{Heap after GC invocations=59 (full 0):
 garbage-first heap   total 165888K, used 92152K [0x0000000080000000, 0x0000000100000000)
  region size 1024K, 1 young (1024K), 1 survivors (1024K)
 Metaspace       used 84274K, committed 85120K, reserved 557056K
  class space    used 11661K, committed 12096K, reserved 425984K
}
Event: 76.774 GC heap before
{Heap before GC invocations=59 (full 0):
 garbage-first heap   total 165888K, used 130040K [0x0000000080000000, 0x0000000100000000)
  region size 1024K, 38 young (38912K), 1 survivors (1024K)
 Metaspace       used 84459K, committed 85312K, reserved 557056K
  class space    used 11692K, committed 12096K, reserved 425984K
}
Event: 76.780 GC heap after
{Heap after GC invocations=60 (full 0):
 garbage-first heap   total 342016K, used 94712K [0x0000000080000000, 0x0000000100000000)
  region size 1024K, 3 young (3072K), 3 survivors (3072K)
 Metaspace       used 84459K, committed 85312K, reserved 557056K
  class space    used 11692K, committed 12096K, reserved 425984K
}
Event: 97.953 GC heap before
{Heap before GC invocations=60 (full 0):
 garbage-first heap   total 342016K, used 249336K [0x0000000080000000, 0x0000000100000000)
  region size 1024K, 154 young (157696K), 3 survivors (3072K)
 Metaspace       used 92927K, committed 93888K, reserved 557056K
  class space    used 13045K, committed 13504K, reserved 425984K
}
Event: 98.071 GC heap after
{Heap after GC invocations=61 (full 0):
 garbage-first heap   total 342016K, used 102470K [0x0000000080000000, 0x0000000100000000)
  region size 1024K, 11 young (11264K), 11 survivors (11264K)
 Metaspace       used 92927K, committed 93888K, reserved 557056K
  class space    used 13045K, committed 13504K, reserved 425984K
}

