# JRE version: OpenJDK Runtime Environment Temurin-17.0.10+7 (17.0.10+7) (build 17.0.10+7)
# Java VM: OpenJDK 64-Bit Server VM Temurin-17.0.10+7 (17.0.10+7, mixed mode, tiered, compressed oops, compressed class ptrs, parallel gc, windows-amd64)
GC Precious Log:
 CPUs: 4 total, 4 available
 Memory: 6012M
 Large Page Support: Disabled
 NUMA Support: Disabled
 Compressed Oops: Enabled (32-bit)
 Alignments: Space 512K, Generation 512K, Heap 2M
 Heap Min Capacity: 100M
 Heap Initial Capacity: 100M
 Heap Max Capacity: 1G
 Pre-touch: Disabled
 Parallel Workers: 4
Heap:
 PSYoungGen      total 24576K, used 22206K [0x00000000eab00000, 0x00000000ecb80000, 0x0000000100000000)
  eden space 22016K, 89% used [0x00000000eab00000,0x00000000ebe37938,0x00000000ec080000)
  from space 2560K, 98% used [0x00000000ec080000,0x00000000ec2f8010,0x00000000ec300000)
  to   space 5632K, 0% used [0x00000000ec600000,0x00000000ec600000,0x00000000ecb80000)
 ParOldGen       total 68608K, used 36710K [0x00000000c0000000, 0x00000000c4300000, 0x00000000eab00000)
  object space 68608K, 53% used [0x00000000c0000000,0x00000000c23d98b0,0x00000000c4300000)
 Metaspace       used 59169K, committed 60224K, reserved 1114112K
  class space    used 6505K, committed 6976K, reserved 1048576K
GC Heap History (20 events):
Event: 35.516 GC heap before
{Heap before GC invocations=23 (full 2):
 PSYoungGen      total 22528K, used 22514K [0x00000000eab00000, 0x00000000ec800000, 0x0000000100000000)
  eden space 22016K, 100% used [0x00000000eab00000,0x00000000ec080000,0x00000000ec080000)
  from space 512K, 97% used [0x00000000ec780000,0x00000000ec7fc970,0x00000000ec800000)
  to   space 3584K, 0% used [0x00000000ec100000,0x00000000ec100000,0x00000000ec480000)
 ParOldGen       total 68608K, used 27483K [0x00000000c0000000, 0x00000000c4300000, 0x00000000eab00000)
  object space 68608K, 40% used [0x00000000c0000000,0x00000000c1ad6d58,0x00000000c4300000)
 Metaspace       used 56670K, committed 57600K, reserved 1114112K
  class space    used 6250K, committed 6656K, reserved 1048576K
}
Event: 35.519 GC heap after
{Heap after GC invocations=23 (full 2):
 PSYoungGen      total 25600K, used 3565K [0x00000000eab00000, 0x00000000eca80000, 0x0000000100000000)
  eden space 22016K, 0% used [0x00000000eab00000,0x00000000eab00000,0x00000000ec080000)
  from space 3584K, 99% used [0x00000000ec100000,0x00000000ec47b690,0x00000000ec480000)
  to   space 5120K, 0% used [0x00000000ec580000,0x00000000ec580000,0x00000000eca80000)
 ParOldGen       total 68608K, used 28636K [0x00000000c0000000, 0x00000000c4300000, 0x00000000eab00000)
  object space 68608K, 41% used [0x00000000c0000000,0x00000000c1bf7300,0x00000000c4300000)
 Metaspace       used 56670K, committed 57600K, reserved 1114112K
  class space    used 6250K, committed 6656K, reserved 1048576K
}
Event: 35.812 GC heap before
{Heap before GC invocations=24 (full 2):
 PSYoungGen      total 25600K, used 25581K [0x00000000eab00000, 0x00000000eca80000, 0x0000000100000000)
  eden space 22016K, 100% used [0x00000000eab00000,0x00000000ec080000,0x00000000ec080000)
  from space 3584K, 99% used [0x00000000ec100000,0x00000000ec47b690,0x00000000ec480000)
  to   space 5120K, 0% used [0x00000000ec580000,0x00000000ec580000,0x00000000eca80000)
 ParOldGen       total 68608K, used 28636K [0x00000000c0000000, 0x00000000c4300000, 0x00000000eab00000)
  object space 68608K, 41% used [0x00000000c0000000,0x00000000c1bf7300,0x00000000c4300000)
 Metaspace       used 56776K, committed 57792K, reserved 1114112K
  class space    used 6255K, committed 6720K, reserved 1048576K
}
Event: 35.816 GC heap after
{Heap after GC invocations=24 (full 2):
 PSYoungGen      total 26624K, used 4384K [0x00000000eab00000, 0x00000000eca00000, 0x0000000100000000)
  eden space 22016K, 0% used [0x00000000eab00000,0x00000000eab00000,0x00000000ec080000)
  from space 4608K, 95% used [0x00000000ec580000,0x00000000ec9c8030,0x00000000eca00000)
  to   space 4608K, 0% used [0x00000000ec100000,0x00000000ec100000,0x00000000ec580000)
 ParOldGen       total 68608K, used 30506K [0x00000000c0000000, 0x00000000c4300000, 0x00000000eab00000)
  object space 68608K, 44% used [0x00000000c0000000,0x00000000c1dcab78,0x00000000c4300000)
 Metaspace       used 56776K, committed 57792K, reserved 1114112K
  class space    used 6255K, committed 6720K, reserved 1048576K
}
Event: 35.898 GC heap before
{Heap before GC invocations=25 (full 2):
 PSYoungGen      total 26624K, used 26400K [0x00000000eab00000, 0x00000000eca00000, 0x0000000100000000)
  eden space 22016K, 100% used [0x00000000eab00000,0x00000000ec080000,0x00000000ec080000)
  from space 4608K, 95% used [0x00000000ec580000,0x00000000ec9c8030,0x00000000eca00000)
  to   space 4608K, 0% used [0x00000000ec100000,0x00000000ec100000,0x00000000ec580000)
 ParOldGen       total 68608K, used 30506K [0x00000000c0000000, 0x00000000c4300000, 0x00000000eab00000)
  object space 68608K, 44% used [0x00000000c0000000,0x00000000c1dcab78,0x00000000c4300000)
 Metaspace       used 56794K, committed 57792K, reserved 1114112K
  class space    used 6255K, committed 6720K, reserved 1048576K
}
Event: 35.901 GC heap after
{Heap after GC invocations=25 (full 2):
 PSYoungGen      total 25088K, used 3072K [0x00000000eab00000, 0x00000000ec780000, 0x0000000100000000)
  eden space 22016K, 0% used [0x00000000eab00000,0x00000000eab00000,0x00000000ec080000)
  from space 3072K, 100% used [0x00000000ec100000,0x00000000ec400000,0x00000000ec400000)
  to   space 3584K, 0% used [0x00000000ec400000,0x00000000ec400000,0x00000000ec780000)
 ParOldGen       total 68608K, used 31295K [0x00000000c0000000, 0x00000000c4300000, 0x00000000eab00000)
  object space 68608K, 45% used [0x00000000c0000000,0x00000000c1e8fd08,0x00000000c4300000)
 Metaspace       used 56794K, committed 57792K, reserved 1114112K
  class space    used 6255K, committed 6720K, reserved 1048576K
}
Event: 36.981 GC heap before
{Heap before GC invocations=26 (full 2):
 PSYoungGen      total 25088K, used 25088K [0x00000000eab00000, 0x00000000ec780000, 0x0000000100000000)
  eden space 22016K, 100% used [0x00000000eab00000,0x00000000ec080000,0x00000000ec080000)
  from space 3072K, 100% used [0x00000000ec100000,0x00000000ec400000,0x00000000ec400000)
  to   space 3584K, 0% used [0x00000000ec400000,0x00000000ec400000,0x00000000ec780000)
 ParOldGen       total 68608K, used 31295K [0x00000000c0000000, 0x00000000c4300000, 0x00000000eab00000)
  object space 68608K, 45% used [0x00000000c0000000,0x00000000c1e8fd08,0x00000000c4300000)
 Metaspace       used 58126K, committed 59136K, reserved 1114112K
  class space    used 6394K, committed 6848K, reserved 1048576K
}
Event: 36.983 GC heap after
{Heap after GC invocations=26 (full 2):
 PSYoungGen      total 23040K, used 963K [0x00000000eab00000, 0x00000000ec500000, 0x0000000100000000)
  eden space 22016K, 0% used [0x00000000eab00000,0x00000000eab00000,0x00000000ec080000)
  from space 1024K, 94% used [0x00000000ec400000,0x00000000ec4f0ed0,0x00000000ec500000)
  to   space 2048K, 0% used [0x00000000ec100000,0x00000000ec100000,0x00000000ec300000)
 ParOldGen       total 68608K, used 31363K [0x00000000c0000000, 0x00000000c4300000, 0x00000000eab00000)
  object space 68608K, 45% used [0x00000000c0000000,0x00000000c1ea0e20,0x00000000c4300000)
 Metaspace       used 58126K, committed 59136K, reserved 1114112K
  class space    used 6394K, committed 6848K, reserved 1048576K
}
Event: 37.151 GC heap before
{Heap before GC invocations=27 (full 2):
 PSYoungGen      total 23040K, used 9833K [0x00000000eab00000, 0x00000000ec500000, 0x0000000100000000)
  eden space 22016K, 40% used [0x00000000eab00000,0x00000000eb3a98a0,0x00000000ec080000)
  from space 1024K, 94% used [0x00000000ec400000,0x00000000ec4f0ed0,0x00000000ec500000)
  to   space 2048K, 0% used [0x00000000ec100000,0x00000000ec100000,0x00000000ec300000)
 ParOldGen       total 68608K, used 31363K [0x00000000c0000000, 0x00000000c4300000, 0x00000000eab00000)
  object space 68608K, 45% used [0x00000000c0000000,0x00000000c1ea0e20,0x00000000c4300000)
 Metaspace       used 58799K, committed 59776K, reserved 1114112K
  class space    used 6461K, committed 6912K, reserved 1048576K
}
Event: 37.154 GC heap after
{Heap after GC invocations=27 (full 2):
 PSYoungGen      total 24064K, used 928K [0x00000000eab00000, 0x00000000ec480000, 0x0000000100000000)
  eden space 22016K, 0% used [0x00000000eab00000,0x00000000eab00000,0x00000000ec080000)
  from space 2048K, 45% used [0x00000000ec100000,0x00000000ec1e8030,0x00000000ec300000)
  to   space 1536K, 0% used [0x00000000ec300000,0x00000000ec300000,0x00000000ec480000)
 ParOldGen       total 68608K, used 32266K [0x00000000c0000000, 0x00000000c4300000, 0x00000000eab00000)
  object space 68608K, 47% used [0x00000000c0000000,0x00000000c1f82b68,0x00000000c4300000)
 Metaspace       used 58799K, committed 59776K, reserved 1114112K
  class space    used 6461K, committed 6912K, reserved 1048576K
}
Event: 37.154 GC heap before
{Heap before GC invocations=28 (full 3):
 PSYoungGen      total 24064K, used 928K [0x00000000eab00000, 0x00000000ec480000, 0x0000000100000000)
  eden space 22016K, 0% used [0x00000000eab00000,0x00000000eab00000,0x00000000ec080000)
  from space 2048K, 45% used [0x00000000ec100000,0x00000000ec1e8030,0x00000000ec300000)
  to   space 1536K, 0% used [0x00000000ec300000,0x00000000ec300000,0x00000000ec480000)
 ParOldGen       total 68608K, used 32266K [0x00000000c0000000, 0x00000000c4300000, 0x00000000eab00000)
  object space 68608K, 47% used [0x00000000c0000000,0x00000000c1f82b68,0x00000000c4300000)
 Metaspace       used 58799K, committed 59776K, reserved 1114112K
  class space    used 6461K, committed 6912K, reserved 1048576K
}
Event: 37.249 GC heap after
{Heap after GC invocations=28 (full 3):
 PSYoungGen      total 24064K, used 0K [0x00000000eab00000, 0x00000000ec480000, 0x0000000100000000)
  eden space 22016K, 0% used [0x00000000eab00000,0x00000000eab00000,0x00000000ec080000)
  from space 2048K, 0% used [0x00000000ec100000,0x00000000ec100000,0x00000000ec300000)
  to   space 1536K, 0% used [0x00000000ec300000,0x00000000ec300000,0x00000000ec480000)
 ParOldGen       total 68608K, used 30137K [0x00000000c0000000, 0x00000000c4300000, 0x00000000eab00000)
  object space 68608K, 43% used [0x00000000c0000000,0x00000000c1d6e448,0x00000000c4300000)
 Metaspace       used 58799K, committed 59776K, reserved 1114112K
  class space    used 6461K, committed 6912K, reserved 1048576K
}
Event: 37.408 GC heap before
{Heap before GC invocations=29 (full 3):
 PSYoungGen      total 24064K, used 22016K [0x00000000eab00000, 0x00000000ec480000, 0x0000000100000000)
  eden space 22016K, 100% used [0x00000000eab00000,0x00000000ec080000,0x00000000ec080000)
  from space 2048K, 0% used [0x00000000ec100000,0x00000000ec100000,0x00000000ec300000)
  to   space 1536K, 0% used [0x00000000ec300000,0x00000000ec300000,0x00000000ec480000)
 ParOldGen       total 68608K, used 30137K [0x00000000c0000000, 0x00000000c4300000, 0x00000000eab00000)
  object space 68608K, 43% used [0x00000000c0000000,0x00000000c1d6e448,0x00000000c4300000)
 Metaspace       used 59021K, committed 59968K, reserved 1114112K
  class space    used 6492K, committed 6912K, reserved 1048576K
}
Event: 37.410 GC heap after
{Heap after GC invocations=29 (full 3):
 PSYoungGen      total 23552K, used 1504K [0x00000000eab00000, 0x00000000ec580000, 0x0000000100000000)
  eden space 22016K, 0% used [0x00000000eab00000,0x00000000eab00000,0x00000000ec080000)
  from space 1536K, 97% used [0x00000000ec300000,0x00000000ec478010,0x00000000ec480000)
  to   space 2560K, 0% used [0x00000000ec080000,0x00000000ec080000,0x00000000ec300000)
 ParOldGen       total 68608K, used 30753K [0x00000000c0000000, 0x00000000c4300000, 0x00000000eab00000)
  object space 68608K, 44% used [0x00000000c0000000,0x00000000c1e08448,0x00000000c4300000)
 Metaspace       used 59021K, committed 59968K, reserved 1114112K
  class space    used 6492K, committed 6912K, reserved 1048576K
}
Event: 37.566 GC heap before
{Heap before GC invocations=30 (full 3):
 PSYoungGen      total 23552K, used 23520K [0x00000000eab00000, 0x00000000ec580000, 0x0000000100000000)
  eden space 22016K, 100% used [0x00000000eab00000,0x00000000ec080000,0x00000000ec080000)
  from space 1536K, 97% used [0x00000000ec300000,0x00000000ec478010,0x00000000ec480000)
  to   space 2560K, 0% used [0x00000000ec080000,0x00000000ec080000,0x00000000ec300000)
 ParOldGen       total 68608K, used 30753K [0x00000000c0000000, 0x00000000c4300000, 0x00000000eab00000)
  object space 68608K, 44% used [0x00000000c0000000,0x00000000c1e08448,0x00000000c4300000)
 Metaspace       used 59112K, committed 60160K, reserved 1114112K
  class space    used 6503K, committed 6976K, reserved 1048576K
}
Event: 37.570 GC heap after
{Heap after GC invocations=30 (full 3):
 PSYoungGen      total 24576K, used 2208K [0x00000000eab00000, 0x00000000ec580000, 0x0000000100000000)
  eden space 22016K, 0% used [0x00000000eab00000,0x00000000eab00000,0x00000000ec080000)
  from space 2560K, 86% used [0x00000000ec080000,0x00000000ec2a8010,0x00000000ec300000)
  to   space 2560K, 0% used [0x00000000ec300000,0x00000000ec300000,0x00000000ec580000)
 ParOldGen       total 68608K, used 32205K [0x00000000c0000000, 0x00000000c4300000, 0x00000000eab00000)
  object space 68608K, 46% used [0x00000000c0000000,0x00000000c1f73630,0x00000000c4300000)
 Metaspace       used 59112K, committed 60160K, reserved 1114112K
  class space    used 6503K, committed 6976K, reserved 1048576K
}
Event: 37.634 GC heap before
{Heap before GC invocations=31 (full 3):
 PSYoungGen      total 24576K, used 24224K [0x00000000eab00000, 0x00000000ec580000, 0x0000000100000000)
  eden space 22016K, 100% used [0x00000000eab00000,0x00000000ec080000,0x00000000ec080000)
  from space 2560K, 86% used [0x00000000ec080000,0x00000000ec2a8010,0x00000000ec300000)
  to   space 2560K, 0% used [0x00000000ec300000,0x00000000ec300000,0x00000000ec580000)
 ParOldGen       total 68608K, used 32205K [0x00000000c0000000, 0x00000000c4300000, 0x00000000eab00000)
  object space 68608K, 46% used [0x00000000c0000000,0x00000000c1f73630,0x00000000c4300000)
 Metaspace       used 59116K, committed 60160K, reserved 1114112K
  class space    used 6503K, committed 6976K, reserved 1048576K
}
Event: 37.640 GC heap after
{Heap after GC invocations=31 (full 3):
 PSYoungGen      total 24576K, used 2304K [0x00000000eab00000, 0x00000000ec580000, 0x0000000100000000)
  eden space 22016K, 0% used [0x00000000eab00000,0x00000000eab00000,0x00000000ec080000)
  from space 2560K, 90% used [0x00000000ec300000,0x00000000ec540000,0x00000000ec580000)
  to   space 2560K, 0% used [0x00000000ec080000,0x00000000ec080000,0x00000000ec300000)
 ParOldGen       total 68608K, used 34366K [0x00000000c0000000, 0x00000000c4300000, 0x00000000eab00000)
  object space 68608K, 50% used [0x00000000c0000000,0x00000000c218f8b0,0x00000000c4300000)
 Metaspace       used 59116K, committed 60160K, reserved 1114112K
  class space    used 6503K, committed 6976K, reserved 1048576K
}
Event: 37.703 GC heap before
{Heap before GC invocations=32 (full 3):
 PSYoungGen      total 24576K, used 24320K [0x00000000eab00000, 0x00000000ec580000, 0x0000000100000000)
  eden space 22016K, 100% used [0x00000000eab00000,0x00000000ec080000,0x00000000ec080000)
  from space 2560K, 90% used [0x00000000ec300000,0x00000000ec540000,0x00000000ec580000)
  to   space 2560K, 0% used [0x00000000ec080000,0x00000000ec080000,0x00000000ec300000)
 ParOldGen       total 68608K, used 34366K [0x00000000c0000000, 0x00000000c4300000, 0x00000000eab00000)
  object space 68608K, 50% used [0x00000000c0000000,0x00000000c218f8b0,0x00000000c4300000)
 Metaspace       used 59116K, committed 60160K, reserved 1114112K
  class space    used 6503K, committed 6976K, reserved 1048576K
}
Event: 37.711 GC heap after
{Heap after GC invocations=32 (full 3):
 PSYoungGen      total 24576K, used 2528K [0x00000000eab00000, 0x00000000ecb80000, 0x0000000100000000)
  eden space 22016K, 0% used [0x00000000eab00000,0x00000000eab00000,0x00000000ec080000)
  from space 2560K, 98% used [0x00000000ec080000,0x00000000ec2f8010,0x00000000ec300000)
  to   space 5632K, 0% used [0x00000000ec600000,0x00000000ec600000,0x00000000ecb80000)
 ParOldGen       total 68608K, used 36710K [0x00000000c0000000, 0x00000000c4300000, 0x00000000eab00000)
  object space 68608K, 53% used [0x00000000c0000000,0x00000000c23d98b0,0x00000000c4300000)
 Metaspace       used 59116K, committed 60160K, reserved 1114112K
  class space    used 6503K, committed 6976K, reserved 1048576K
}

