# JRE version: OpenJDK Runtime Environment Temurin-17.0.10+7 (17.0.10+7) (build 17.0.10+7)
# Java VM: OpenJDK 64-Bit Server VM Temurin-17.0.10+7 (17.0.10+7, mixed mode, tiered, compressed oops, compressed class ptrs, parallel gc, windows-amd64)
GC Precious Log:
 CPUs: 4 total, 4 available
 Memory: 6012M
 Large Page Support: Disabled
 NUMA Support: Disabled
 Compressed Oops: Enabled (32-bit)
 Alignments: Space 512K, Generation 512K, Heap 2M
 Heap Min Capacity: 100M
 Heap Initial Capacity: 100M
 Heap Max Capacity: 1G
 Pre-touch: Disabled
 Parallel Workers: 4
Heap:
 PSYoungGen      total 5632K, used 4596K [0x00000000eab00000, 0x00000000eb380000, 0x0000000100000000)
  eden space 2560K, 75% used [0x00000000eab00000,0x00000000eace3ed0,0x00000000ead80000)
  from space 3072K, 86% used [0x00000000ead80000,0x00000000eb0193b8,0x00000000eb080000)
  to   space 3072K, 0% used [0x00000000eb080000,0x00000000eb080000,0x00000000eb380000)
 ParOldGen       total 256512K, used 238302K [0x00000000c0000000, 0x00000000cfa80000, 0x00000000eab00000)
  object space 256512K, 92% used [0x00000000c0000000,0x00000000ce8b7810,0x00000000cfa80000)
 Metaspace       used 76494K, committed 77632K, reserved 1179648K
  class space    used 8424K, committed 8896K, reserved 1048576K
GC Heap History (20 events):
Event: 166.312 GC heap before
{Heap before GC invocations=768 (full 18):
 PSYoungGen      total 3584K, used 3547K [0x00000000eab00000, 0x00000000eb180000, 0x0000000100000000)
  eden space 2048K, 100% used [0x00000000eab00000,0x00000000ead00000,0x00000000ead00000)
  from space 1536K, 97% used [0x00000000eae00000,0x00000000eaf76ea0,0x00000000eaf80000)
  to   space 2048K, 0% used [0x00000000eaf80000,0x00000000eaf80000,0x00000000eb180000)
 ParOldGen       total 256512K, used 233806K [0x00000000c0000000, 0x00000000cfa80000, 0x00000000eab00000)
  object space 256512K, 91% used [0x00000000c0000000,0x00000000ce453998,0x00000000cfa80000)
 Metaspace       used 76096K, committed 77312K, reserved 1179648K
  class space    used 8420K, committed 8896K, reserved 1048576K
}
Event: 166.315 GC heap after
{Heap after GC invocations=768 (full 18):
 PSYoungGen      total 4096K, used 1927K [0x00000000eab00000, 0x00000000eb180000, 0x0000000100000000)
  eden space 2048K, 0% used [0x00000000eab00000,0x00000000eab00000,0x00000000ead00000)
  from space 2048K, 94% used [0x00000000eaf80000,0x00000000eb161d60,0x00000000eb180000)
  to   space 2048K, 0% used [0x00000000ead80000,0x00000000ead80000,0x00000000eaf80000)
 ParOldGen       total 256512K, used 233806K [0x00000000c0000000, 0x00000000cfa80000, 0x00000000eab00000)
  object space 256512K, 91% used [0x00000000c0000000,0x00000000ce453998,0x00000000cfa80000)
 Metaspace       used 76096K, committed 77312K, reserved 1179648K
  class space    used 8420K, committed 8896K, reserved 1048576K
}
Event: 166.490 GC heap before
{Heap before GC invocations=769 (full 18):
 PSYoungGen      total 4096K, used 3975K [0x00000000eab00000, 0x00000000eb180000, 0x0000000100000000)
  eden space 2048K, 100% used [0x00000000eab00000,0x00000000ead00000,0x00000000ead00000)
  from space 2048K, 94% used [0x00000000eaf80000,0x00000000eb161d60,0x00000000eb180000)
  to   space 2048K, 0% used [0x00000000ead80000,0x00000000ead80000,0x00000000eaf80000)
 ParOldGen       total 256512K, used 233806K [0x00000000c0000000, 0x00000000cfa80000, 0x00000000eab00000)
  object space 256512K, 91% used [0x00000000c0000000,0x00000000ce453998,0x00000000cfa80000)
 Metaspace       used 76121K, committed 77312K, reserved 1179648K
  class space    used 8420K, committed 8896K, reserved 1048576K
}
Event: 166.495 GC heap after
{Heap after GC invocations=769 (full 18):
 PSYoungGen      total 4096K, used 2046K [0x00000000eab00000, 0x00000000eb300000, 0x0000000100000000)
  eden space 2048K, 0% used [0x00000000eab00000,0x00000000eab00000,0x00000000ead00000)
  from space 2048K, 99% used [0x00000000ead80000,0x00000000eaf7fa30,0x00000000eaf80000)
  to   space 3072K, 0% used [0x00000000eb000000,0x00000000eb000000,0x00000000eb300000)
 ParOldGen       total 256512K, used 234277K [0x00000000c0000000, 0x00000000cfa80000, 0x00000000eab00000)
  object space 256512K, 91% used [0x00000000c0000000,0x00000000ce4c94a0,0x00000000cfa80000)
 Metaspace       used 76121K, committed 77312K, reserved 1179648K
  class space    used 8420K, committed 8896K, reserved 1048576K
}
Event: 166.592 GC heap before
{Heap before GC invocations=770 (full 18):
 PSYoungGen      total 4096K, used 4094K [0x00000000eab00000, 0x00000000eb300000, 0x0000000100000000)
  eden space 2048K, 99% used [0x00000000eab00000,0x00000000eacffdf0,0x00000000ead00000)
  from space 2048K, 99% used [0x00000000ead80000,0x00000000eaf7fa30,0x00000000eaf80000)
  to   space 3072K, 0% used [0x00000000eb000000,0x00000000eb000000,0x00000000eb300000)
 ParOldGen       total 256512K, used 234277K [0x00000000c0000000, 0x00000000cfa80000, 0x00000000eab00000)
  object space 256512K, 91% used [0x00000000c0000000,0x00000000ce4c94a0,0x00000000cfa80000)
 Metaspace       used 76151K, committed 77312K, reserved 1179648K
  class space    used 8420K, committed 8896K, reserved 1048576K
}
Event: 166.596 GC heap after
{Heap after GC invocations=770 (full 18):
 PSYoungGen      total 5120K, used 2713K [0x00000000eab00000, 0x00000000eb300000, 0x0000000100000000)
  eden space 2048K, 0% used [0x00000000eab00000,0x00000000eab00000,0x00000000ead00000)
  from space 3072K, 88% used [0x00000000eb000000,0x00000000eb2a66d8,0x00000000eb300000)
  to   space 3072K, 0% used [0x00000000ead00000,0x00000000ead00000,0x00000000eb000000)
 ParOldGen       total 256512K, used 234365K [0x00000000c0000000, 0x00000000cfa80000, 0x00000000eab00000)
  object space 256512K, 91% used [0x00000000c0000000,0x00000000ce4df4a0,0x00000000cfa80000)
 Metaspace       used 76151K, committed 77312K, reserved 1179648K
  class space    used 8420K, committed 8896K, reserved 1048576K
}
Event: 166.641 GC heap before
{Heap before GC invocations=771 (full 18):
 PSYoungGen      total 5120K, used 4761K [0x00000000eab00000, 0x00000000eb300000, 0x0000000100000000)
  eden space 2048K, 99% used [0x00000000eab00000,0x00000000eacfffe0,0x00000000ead00000)
  from space 3072K, 88% used [0x00000000eb000000,0x00000000eb2a66d8,0x00000000eb300000)
  to   space 3072K, 0% used [0x00000000ead00000,0x00000000ead00000,0x00000000eb000000)
 ParOldGen       total 256512K, used 234365K [0x00000000c0000000, 0x00000000cfa80000, 0x00000000eab00000)
  object space 256512K, 91% used [0x00000000c0000000,0x00000000ce4df4a0,0x00000000cfa80000)
 Metaspace       used 76164K, committed 77376K, reserved 1179648K
  class space    used 8420K, committed 8896K, reserved 1048576K
}
Event: 166.645 GC heap after
{Heap after GC invocations=771 (full 18):
 PSYoungGen      total 5120K, used 3049K [0x00000000eab00000, 0x00000000eb400000, 0x0000000100000000)
  eden space 2048K, 0% used [0x00000000eab00000,0x00000000eab00000,0x00000000ead00000)
  from space 3072K, 99% used [0x00000000ead00000,0x00000000eaffa6e8,0x00000000eb000000)
  to   space 3584K, 0% used [0x00000000eb080000,0x00000000eb080000,0x00000000eb400000)
 ParOldGen       total 256512K, used 234405K [0x00000000c0000000, 0x00000000cfa80000, 0x00000000eab00000)
  object space 256512K, 91% used [0x00000000c0000000,0x00000000ce4e94a0,0x00000000cfa80000)
 Metaspace       used 76164K, committed 77376K, reserved 1179648K
  class space    used 8420K, committed 8896K, reserved 1048576K
}
Event: 166.677 GC heap before
{Heap before GC invocations=772 (full 18):
 PSYoungGen      total 5120K, used 5097K [0x00000000eab00000, 0x00000000eb400000, 0x0000000100000000)
  eden space 2048K, 99% used [0x00000000eab00000,0x00000000eacffff8,0x00000000ead00000)
  from space 3072K, 99% used [0x00000000ead00000,0x00000000eaffa6e8,0x00000000eb000000)
  to   space 3584K, 0% used [0x00000000eb080000,0x00000000eb080000,0x00000000eb400000)
 ParOldGen       total 256512K, used 234405K [0x00000000c0000000, 0x00000000cfa80000, 0x00000000eab00000)
  object space 256512K, 91% used [0x00000000c0000000,0x00000000ce4e94a0,0x00000000cfa80000)
 Metaspace       used 76197K, committed 77376K, reserved 1179648K
  class space    used 8420K, committed 8896K, reserved 1048576K
}
Event: 166.683 GC heap after
{Heap after GC invocations=772 (full 18):
 PSYoungGen      total 5120K, used 3529K [0x00000000eab00000, 0x00000000eb500000, 0x0000000100000000)
  eden space 1536K, 0% used [0x00000000eab00000,0x00000000eab00000,0x00000000eac80000)
  from space 3584K, 98% used [0x00000000eb080000,0x00000000eb3f26e8,0x00000000eb400000)
  to   space 4096K, 0% used [0x00000000eac80000,0x00000000eac80000,0x00000000eb080000)
 ParOldGen       total 256512K, used 234507K [0x00000000c0000000, 0x00000000cfa80000, 0x00000000eab00000)
  object space 256512K, 91% used [0x00000000c0000000,0x00000000ce502c20,0x00000000cfa80000)
 Metaspace       used 76197K, committed 77376K, reserved 1179648K
  class space    used 8420K, committed 8896K, reserved 1048576K
}
Event: 166.722 GC heap before
{Heap before GC invocations=773 (full 18):
 PSYoungGen      total 5120K, used 5065K [0x00000000eab00000, 0x00000000eb500000, 0x0000000100000000)
  eden space 1536K, 100% used [0x00000000eab00000,0x00000000eac80000,0x00000000eac80000)
  from space 3584K, 98% used [0x00000000eb080000,0x00000000eb3f26e8,0x00000000eb400000)
  to   space 4096K, 0% used [0x00000000eac80000,0x00000000eac80000,0x00000000eb080000)
 ParOldGen       total 256512K, used 234507K [0x00000000c0000000, 0x00000000cfa80000, 0x00000000eab00000)
  object space 256512K, 91% used [0x00000000c0000000,0x00000000ce502c20,0x00000000cfa80000)
 Metaspace       used 76290K, committed 77440K, reserved 1179648K
  class space    used 8422K, committed 8896K, reserved 1048576K
}
Event: 166.727 GC heap after
{Heap after GC invocations=773 (full 18):
 PSYoungGen      total 5632K, used 3753K [0x00000000eab00000, 0x00000000eb480000, 0x0000000100000000)
  eden space 1536K, 0% used [0x00000000eab00000,0x00000000eab00000,0x00000000eac80000)
  from space 4096K, 91% used [0x00000000eac80000,0x00000000eb02a6e8,0x00000000eb080000)
  to   space 4096K, 0% used [0x00000000eb080000,0x00000000eb080000,0x00000000eb480000)
 ParOldGen       total 256512K, used 234507K [0x00000000c0000000, 0x00000000cfa80000, 0x00000000eab00000)
  object space 256512K, 91% used [0x00000000c0000000,0x00000000ce502c20,0x00000000cfa80000)
 Metaspace       used 76290K, committed 77440K, reserved 1179648K
  class space    used 8422K, committed 8896K, reserved 1048576K
}
Event: 166.770 GC heap before
{Heap before GC invocations=774 (full 18):
 PSYoungGen      total 5632K, used 5289K [0x00000000eab00000, 0x00000000eb480000, 0x0000000100000000)
  eden space 1536K, 99% used [0x00000000eab00000,0x00000000eac7fff8,0x00000000eac80000)
  from space 4096K, 91% used [0x00000000eac80000,0x00000000eb02a6e8,0x00000000eb080000)
  to   space 4096K, 0% used [0x00000000eb080000,0x00000000eb080000,0x00000000eb480000)
 ParOldGen       total 256512K, used 234507K [0x00000000c0000000, 0x00000000cfa80000, 0x00000000eab00000)
  object space 256512K, 91% used [0x00000000c0000000,0x00000000ce502c20,0x00000000cfa80000)
 Metaspace       used 76302K, committed 77504K, reserved 1179648K
  class space    used 8423K, committed 8896K, reserved 1048576K
}
Event: 166.774 GC heap after
{Heap after GC invocations=774 (full 18):
 PSYoungGen      total 5120K, used 4094K [0x00000000eab00000, 0x00000000eb580000, 0x0000000100000000)
  eden space 1024K, 0% used [0x00000000eab00000,0x00000000eab00000,0x00000000eac00000)
  from space 4096K, 99% used [0x00000000eb080000,0x00000000eb47f898,0x00000000eb480000)
  to   space 4608K, 0% used [0x00000000eac00000,0x00000000eac00000,0x00000000eb080000)
 ParOldGen       total 256512K, used 234578K [0x00000000c0000000, 0x00000000cfa80000, 0x00000000eab00000)
  object space 256512K, 91% used [0x00000000c0000000,0x00000000ce514a40,0x00000000cfa80000)
 Metaspace       used 76302K, committed 77504K, reserved 1179648K
  class space    used 8423K, committed 8896K, reserved 1048576K
}
Event: 166.790 GC heap before
{Heap before GC invocations=775 (full 18):
 PSYoungGen      total 5120K, used 5118K [0x00000000eab00000, 0x00000000eb580000, 0x0000000100000000)
  eden space 1024K, 100% used [0x00000000eab00000,0x00000000eac00000,0x00000000eac00000)
  from space 4096K, 99% used [0x00000000eb080000,0x00000000eb47f898,0x00000000eb480000)
  to   space 4608K, 0% used [0x00000000eac00000,0x00000000eac00000,0x00000000eb080000)
 ParOldGen       total 256512K, used 234578K [0x00000000c0000000, 0x00000000cfa80000, 0x00000000eab00000)
  object space 256512K, 91% used [0x00000000c0000000,0x00000000ce514a40,0x00000000cfa80000)
 Metaspace       used 76319K, committed 77504K, reserved 1179648K
  class space    used 8423K, committed 8896K, reserved 1048576K
}
Event: 166.794 GC heap after
{Heap after GC invocations=775 (full 18):
 PSYoungGen      total 5632K, used 4390K [0x00000000eab00000, 0x00000000eb580000, 0x0000000100000000)
  eden space 1024K, 0% used [0x00000000eab00000,0x00000000eab00000,0x00000000eac00000)
  from space 4608K, 95% used [0x00000000eac00000,0x00000000eb049ae0,0x00000000eb080000)
  to   space 4608K, 0% used [0x00000000eb100000,0x00000000eb100000,0x00000000eb580000)
 ParOldGen       total 256512K, used 234674K [0x00000000c0000000, 0x00000000cfa80000, 0x00000000eab00000)
  object space 256512K, 91% used [0x00000000c0000000,0x00000000ce52ca40,0x00000000cfa80000)
 Metaspace       used 76319K, committed 77504K, reserved 1179648K
  class space    used 8423K, committed 8896K, reserved 1048576K
}
Event: 166.812 GC heap before
{Heap before GC invocations=776 (full 18):
 PSYoungGen      total 5632K, used 5414K [0x00000000eab00000, 0x00000000eb580000, 0x0000000100000000)
  eden space 1024K, 100% used [0x00000000eab00000,0x00000000eac00000,0x00000000eac00000)
  from space 4608K, 95% used [0x00000000eac00000,0x00000000eb049ae0,0x00000000eb080000)
  to   space 4608K, 0% used [0x00000000eb100000,0x00000000eb100000,0x00000000eb580000)
 ParOldGen       total 256512K, used 234674K [0x00000000c0000000, 0x00000000cfa80000, 0x00000000eab00000)
  object space 256512K, 91% used [0x00000000c0000000,0x00000000ce52ca40,0x00000000cfa80000)
 Metaspace       used 76340K, committed 77504K, reserved 1179648K
  class space    used 8424K, committed 8896K, reserved 1048576K
}
Event: 166.816 GC heap after
{Heap after GC invocations=776 (full 18):
 PSYoungGen      total 5632K, used 4589K [0x00000000eab00000, 0x00000000eb680000, 0x0000000100000000)
  eden space 1024K, 0% used [0x00000000eab00000,0x00000000eab00000,0x00000000eac00000)
  from space 4608K, 99% used [0x00000000eb100000,0x00000000eb57b538,0x00000000eb580000)
  to   space 5120K, 0% used [0x00000000eac00000,0x00000000eac00000,0x00000000eb100000)
 ParOldGen       total 256512K, used 234781K [0x00000000c0000000, 0x00000000cfa80000, 0x00000000eab00000)
  object space 256512K, 91% used [0x00000000c0000000,0x00000000ce5476f8,0x00000000cfa80000)
 Metaspace       used 76340K, committed 77504K, reserved 1179648K
  class space    used 8424K, committed 8896K, reserved 1048576K
}
Event: 166.825 GC heap before
{Heap before GC invocations=777 (full 18):
 PSYoungGen      total 5632K, used 5613K [0x00000000eab00000, 0x00000000eb680000, 0x0000000100000000)
  eden space 1024K, 99% used [0x00000000eab00000,0x00000000eabffff0,0x00000000eac00000)
  from space 4608K, 99% used [0x00000000eb100000,0x00000000eb57b538,0x00000000eb580000)
  to   space 5120K, 0% used [0x00000000eac00000,0x00000000eac00000,0x00000000eb100000)
 ParOldGen       total 256512K, used 234781K [0x00000000c0000000, 0x00000000cfa80000, 0x00000000eab00000)
  object space 256512K, 91% used [0x00000000c0000000,0x00000000ce5476f8,0x00000000cfa80000)
 Metaspace       used 76341K, committed 77504K, reserved 1179648K
  class space    used 8424K, committed 8896K, reserved 1048576K
}
Event: 166.829 GC heap after
{Heap after GC invocations=777 (full 18):
 PSYoungGen      total 6144K, used 4299K [0x00000000eab00000, 0x00000000eb580000, 0x0000000100000000)
  eden space 1024K, 0% used [0x00000000eab00000,0x00000000eab00000,0x00000000eac00000)
  from space 5120K, 83% used [0x00000000eac00000,0x00000000eb032c90,0x00000000eb100000)
  to   space 4608K, 0% used [0x00000000eb100000,0x00000000eb100000,0x00000000eb580000)
 ParOldGen       total 256512K, used 235332K [0x00000000c0000000, 0x00000000cfa80000, 0x00000000eab00000)
  object space 256512K, 91% used [0x00000000c0000000,0x00000000ce5d1120,0x00000000cfa80000)
 Metaspace       used 76341K, committed 77504K, reserved 1179648K
  class space    used 8424K, committed 8896K, reserved 1048576K
}

